[2021-02-13 21:21:05] START
[2021-02-13 21:34:01] EDIT model_five/controllers/default.py: -1
[2021-02-13 21:34:06] EDIT model_five/views/default/index.html: 57
[2021-02-13 21:34:14] EDIT model_five/controllers/default.py: 0
[2021-02-13 21:35:24] EDIT model_five/views/layout.html: -3
[2021-02-13 21:36:17] EDIT model_five/views/layout.html: 2
[2021-02-13 21:37:46] EDIT model_five/views/layout.html: 0
[2021-02-13 21:38:12] EDIT model_five/models/menu.py: -94
[2021-02-13 21:40:02] EDIT model_five/views/default/index.html: 0
[2021-02-13 21:40:41] EDIT model_five/views/default/index.html: 0
[2021-02-13 21:40:52] CREATE acs_empresa.py: 0
[2021-02-13 21:41:03] CREATE acs_empresa/index.html: 0
[2021-02-13 21:56:32] EDIT model_five/views/acs_empresa/index.html: 52
[2021-02-13 21:56:56] EDIT model_five/views/acs_empresa/index.html: 0
[2021-02-13 22:00:09] EDIT model_five/models/db.py: 35
[2021-02-14 00:20:05] EDIT model_five/views/layout.html: 0
[2021-02-14 00:21:02] EDIT model_five/views/layout.html: 0
[2021-02-14 00:57:55] EDIT model_five/views/default/index.html: 0
[2021-02-14 00:58:14] EDIT model_five/views/acs_empresa/index.html: 2
[2021-02-14 00:58:26] EDIT model_five/views/acs_empresa/index.html: 0
[2021-02-14 00:58:41] EDIT model_five/views/acs_empresa/index.html: 0
[2021-02-14 00:59:25] EDIT model_five/views/acs_empresa/index.html: 14
[2021-02-14 01:13:51] EDIT model_five/views/acs_empresa/index.html: 0
[2021-02-14 01:17:01] EDIT model_five/models/db.py: 34
[2021-02-14 01:17:09] EDIT model_five/models/db.py: 0
[2021-02-14 01:17:35] EDIT model_five/models/db.py: 0
[2021-02-14 01:18:39] EDIT model_five/views/layout.html: 0
[2021-02-14 01:19:24] EDIT model_five/views/layout.html: 0
[2021-02-14 01:21:48] EDIT model_five/views/layout.html: 0
[2021-02-14 01:22:17] EDIT model_five/views/layout.html: 0
[2021-02-14 01:22:52] EDIT model_five/views/layout.html: 0
[2021-02-14 01:23:28] EDIT model_five/views/layout.html: 0
[2021-02-14 01:23:42] EDIT model_five/views/layout.html: 0
[2021-02-14 01:25:59] EDIT model_five/views/layout.html: 0
[2021-02-14 01:27:20] EDIT model_five/views/layout.html: 0
[2021-02-14 02:00:00] EDIT model_five/controllers/acs_empresa.py: 28
[2021-02-14 02:01:08] EDIT model_five/views/acs_empresa/index.html: 0
[2021-02-14 02:01:25] EDIT model_five/views/acs_empresa/index.html: 0
[2021-02-14 02:01:54] EDIT model_five/controllers/acs_empresa.py: 0
[2021-02-14 02:02:04] EDIT model_five/views/acs_empresa/index.html: 0
[2021-02-14 02:02:25] EDIT model_five/controllers/acs_empresa.py: 0
[2021-02-14 02:02:45] EDIT model_five/views/acs_empresa/index.html: 0
[2021-02-14 02:04:23] EDIT model_five/views/acs_empresa/index.html: 0
[2021-02-14 02:04:26] EDIT model_five/views/acs_empresa/index.html: 0
[2021-02-14 02:17:24] EDIT model_five/views/acs_empresa/index.html: 0
[2021-02-14 02:19:32] EDIT model_five/views/acs_empresa/index.html: 0
[2021-02-14 02:19:39] EDIT model_five/views/acs_empresa/index.html: 0
[2021-02-14 02:20:02] CREATE acs_usuario.py: 0
[2021-02-14 02:20:20] EDIT model_five/controllers/acs_usuario.py: 79
[2021-02-14 02:20:32] CREATE acs_usuario/index.html: 0
[2021-02-14 02:20:58] EDIT model_five/views/acs_usuario/index.html: 0
[2021-02-14 02:20:59] EDIT model_five/views/acs_usuario/index.html: 135
[2021-02-14 18:49:28] EDIT model_five/views/acs_empresa/index.html: 4
[2021-02-14 18:49:41] EDIT model_five/views/acs_empresa/index.html: 1
[2021-02-14 18:49:51] EDIT model_five/views/acs_empresa/index.html: 0
[2021-02-14 18:51:24] EDIT model_five/views/acs_empresa/index.html: 5
[2021-02-14 18:53:16] EDIT model_five/models/db.py: 2
[2021-02-14 18:55:46] EDIT model_five/controllers/acs_empresa.py: 0
[2021-02-14 18:56:09] EDIT model_five/views/acs_empresa/index.html: 0
[2021-02-14 18:57:16] EDIT model_five/views/acs_empresa/index.html: 10
[2021-02-14 18:57:34] EDIT model_five/views/acs_empresa/index.html: 0
[2021-02-14 18:58:58] EDIT model_five/views/acs_empresa/index.html: 5
[2021-02-14 19:00:45] EDIT model_five/views/acs_empresa/index.html: 10
[2021-02-14 19:01:17] EDIT model_five/views/acs_empresa/index.html: 5
[2021-02-14 19:02:03] EDIT model_five/views/acs_empresa/index.html: 0
[2021-02-14 19:02:18] EDIT model_five/views/acs_empresa/index.html: 0
[2021-02-14 19:03:25] EDIT model_five/views/acs_empresa/index.html: 0
[2021-02-14 19:03:36] CREATE acs_pessoa.py: 0
[2021-02-14 19:03:49] CREATE acs_pessoa/index.html: 0
[2021-02-14 19:03:55] EDIT model_five/controllers/acs_pessoa.py: 0
[2021-02-14 19:04:30] EDIT model_five/views/acs_empresa/index.html: 0
[2021-02-14 19:05:08] EDIT model_five/views/acs_pessoa/index.html: 8
[2021-02-14 19:05:25] EDIT model_five/views/acs_pessoa/index.html: 0
[2021-02-14 19:06:42] EDIT model_five/views/acs_usuario/index.html: 0
[2021-02-14 19:07:10] EDIT model_five/views/acs_usuario/index.html: 0
[2021-02-14 19:07:47] EDIT model_five/views/acs_usuario/index.html: 0
[2021-02-14 19:07:58] EDIT model_five/views/acs_usuario/index.html: 0
[2021-02-14 19:08:04] EDIT model_five/views/acs_usuario/index.html: 0
[2021-02-14 19:08:12] EDIT model_five/views/acs_usuario/index.html: 0
[2021-02-14 19:08:36] EDIT model_five/views/acs_usuario/index.html: 0
[2021-02-14 19:09:19] EDIT model_five/views/acs_usuario/index.html: 0
[2021-02-14 19:09:45] EDIT model_five/views/acs_usuario/index.html: 0
[2021-02-14 19:10:30] EDIT model_five/views/acs_usuario/index.html: 2
[2021-02-14 19:10:45] EDIT model_five/views/acs_usuario/index.html: -2
[2021-02-14 19:11:56] EDIT model_five/views/acs_usuario/index.html: 0
[2021-02-14 19:12:07] EDIT model_five/views/acs_usuario/index.html: 0
[2021-02-14 19:13:01] EDIT model_five/views/acs_usuario/index.html: -6
[2021-02-14 19:13:15] EDIT model_five/views/acs_usuario/index.html: 0
[2021-02-14 19:14:15] EDIT model_five/views/acs_usuario/index.html: 2
[2021-02-14 19:15:42] EDIT model_five/views/acs_usuario/index.html: 0
[2021-02-14 19:16:01] EDIT model_five/views/acs_usuario/index.html: 0
[2021-02-14 19:17:02] EDIT model_five/views/acs_usuario/index.html: 0
[2021-02-14 19:22:01] EDIT model_five/views/acs_pessoa/index.html: 112
[2021-02-14 19:23:28] EDIT model_five/controllers/acs_pessoa.py: 31
[2021-02-14 19:25:03] EDIT model_five/models/db.py: 6
[2021-02-14 19:25:21] EDIT model_five/models/db.py: 0
[2021-02-14 19:26:02] EDIT model_five/models/db.py: 1
[2021-02-14 19:49:27] EDIT model_five/controllers/acs_pessoa.py: 28
[2021-02-14 19:50:02] EDIT model_five/controllers/acs_pessoa.py: 1
[2021-02-14 19:50:17] EDIT model_five/controllers/acs_pessoa.py: 2
[2021-02-14 19:51:24] EDIT model_five/models/db.py: 1
[2021-02-14 19:52:21] EDIT model_five/models/db.py: 2
[2021-02-14 19:52:47] EDIT model_five/views/acs_pessoa/index.html: 0
[2021-02-14 19:53:20] EDIT model_five/views/acs_pessoa/index.html: 0
[2021-02-14 19:53:39] EDIT model_five/controllers/acs_pessoa.py: 2
[2021-02-14 19:54:11] EDIT model_five/views/generic.html: 8
[2021-02-14 19:54:21] EDIT model_five/views/generic.html: 0
[2021-02-14 19:55:55] EDIT model_five/views/generic.html: 0
[2021-02-14 19:56:04] EDIT model_five/views/generic.html: 0
[2021-02-14 19:56:22] EDIT model_five/controllers/acs_pessoa.py: 1
[2021-02-14 19:56:34] EDIT model_five/controllers/acs_pessoa.py: 1
[2021-02-14 19:56:55] EDIT model_five/views/generic.html: 0
[2021-02-14 19:57:04] EDIT model_five/views/generic.html: 0
[2021-02-14 19:57:13] EDIT model_five/views/generic.html: 0
[2021-02-14 19:57:25] EDIT model_five/views/generic.html: 0
[2021-02-14 19:57:34] EDIT model_five/views/generic.html: 0
[2021-02-14 19:58:26] EDIT model_five/views/generic.html: 2
[2021-02-14 19:58:36] EDIT model_five/views/generic.html: 0
[2021-02-14 19:58:42] EDIT model_five/views/generic.html: 1
[2021-02-14 19:58:52] EDIT model_five/views/generic.html: 0
[2021-02-14 19:59:04] EDIT model_five/views/generic.html: 2
[2021-02-14 19:59:11] EDIT model_five/views/generic.html: -1
[2021-02-14 19:59:17] EDIT model_five/views/generic.html: 1
[2021-02-14 19:59:52] EDIT model_five/views/generic.html: -1
[2021-02-14 20:00:04] EDIT model_five/views/generic.html: 0
[2021-02-14 20:02:14] EDIT model_five/views/generic.html: 3
[2021-02-14 20:02:45] EDIT model_five/controllers/acs_pessoa.py: 2
[2021-02-14 20:02:56] EDIT model_five/controllers/acs_pessoa.py: 0
[2021-02-14 20:03:15] EDIT model_five/controllers/acs_pessoa.py: -2
[2021-02-14 20:03:32] EDIT model_five/views/generic.html: 0
[2021-02-14 20:03:49] EDIT model_five/views/generic.html: 0
[2021-02-14 20:04:02] EDIT model_five/views/generic.html: 0
[2021-02-14 20:04:23] EDIT model_five/views/acs_pessoa/index.html: 0
[2021-02-14 20:06:04] CREATE db1.py: 0
[2021-02-14 20:10:16] EDIT model_five/models/db1.py: 7
[2021-02-14 20:10:45] CREATE acs_projeto.py: 0
[2021-02-14 20:13:25] CREATE acs_projeto/index.html: 0
[2021-02-14 20:13:29] EDIT model_five/views/acs_projeto/index.html: 106
[2021-02-14 20:14:03] EDIT model_five/views/acs_empresa/index.html: 0
[2021-02-14 20:15:09] EDIT model_five/controllers/acs_projeto.py: 30
[2021-02-14 20:15:34] EDIT model_five/views/acs_projeto/index.html: 2
[2021-02-14 20:15:58] EDIT model_five/views/acs_projeto/index.html: 0
[2021-02-14 20:16:11] EDIT model_five/views/acs_projeto/index.html: 0
[2021-02-14 20:16:27] EDIT model_five/views/acs_projeto/index.html: 0
[2021-02-14 20:17:34] EDIT model_five/views/acs_projeto/index.html: 0
[2021-02-14 20:18:35] EDIT model_five/controllers/acs_projeto.py: 19
[2021-02-14 20:20:20] EDIT model_five/models/db.py: 2
[2021-02-14 20:24:32] EDIT model_five/models/db.py: 0
[2021-02-14 20:25:09] EDIT model_five/views/acs_projeto/index.html: 0
[2021-02-14 20:26:10] EDIT model_five/views/acs_projeto/index.html: 3
[2021-02-14 20:26:46] EDIT model_five/views/acs_projeto/index.html: 0
[2021-02-14 20:26:57] EDIT model_five/views/acs_projeto/index.html: 0
[2021-02-14 20:27:24] EDIT model_five/views/acs_projeto/index.html: 0
[2021-02-14 20:27:44] EDIT model_five/views/acs_projeto/index.html: 0
[2021-02-14 20:27:55] EDIT model_five/views/acs_projeto/index.html: 0
[2021-02-14 20:28:19] EDIT model_five/views/acs_projeto/index.html: 0
[2021-02-14 20:28:33] EDIT model_five/views/acs_projeto/index.html: 0
[2021-02-14 20:28:55] EDIT model_five/views/acs_projeto/index.html: 0
[2021-02-14 20:29:05] EDIT model_five/views/acs_projeto/index.html: 0
[2021-02-14 20:29:14] EDIT model_five/views/acs_projeto/index.html: 0
[2021-02-14 20:29:15] EDIT model_five/views/acs_projeto/index.html: 0
[2021-02-14 20:29:34] EDIT model_five/views/acs_projeto/index.html: 0
[2021-02-14 20:30:24] EDIT model_five/controllers/acs_projeto.py: 16
[2021-02-14 20:30:30] EDIT model_five/controllers/acs_projeto.py: 0
[2021-02-14 20:31:14] EDIT model_five/models/db.py: 0
[2021-02-14 20:33:16] EDIT model_five/controllers/acs_projeto.py: 7
[2021-02-14 20:33:32] CREATE acs_projeto/acessar.html: 0
[2021-02-14 20:49:11] EDIT model_five/views/acs_projeto/acessar.html: 46
[2021-02-14 20:49:59] EDIT model_five/views/acs_projeto/acessar.html: 0
[2021-02-14 20:50:42] EDIT model_five/views/acs_projeto/acessar.html: 0
[2021-02-14 20:51:14] EDIT model_five/views/acs_projeto/acessar.html: 0
[2021-02-14 20:52:25] EDIT model_five/views/layout.html: 0
[2021-02-14 20:52:59] EDIT model_five/views/acs_projeto/acessar.html: 0
[2021-02-14 21:06:53] EDIT model_five/views/acs_projeto/acessar.html: 4
[2021-02-14 21:07:23] EDIT model_five/views/acs_projeto/acessar.html: 0
[2021-02-14 23:45:21] EDIT model_five/controllers/acs_projeto.py: 0
[2021-02-14 23:45:45] EDIT model_five/controllers/acs_projeto.py: 1
[2021-02-14 23:47:08] EDIT model_five/views/acs_projeto/acessar.html: 5
[2021-02-14 23:49:10] EDIT model_five/views/acs_projeto/acessar.html: 19
[2021-02-14 23:50:09] EDIT model_five/views/acs_projeto/acessar.html: -3
[2021-02-14 23:50:24] EDIT model_five/views/acs_projeto/acessar.html: 0
[2021-02-14 23:51:25] EDIT model_five/views/acs_projeto/acessar.html: -3
[2021-02-14 23:51:37] EDIT model_five/views/acs_projeto/acessar.html: 0
[2021-02-14 23:51:43] EDIT model_five/views/acs_projeto/acessar.html: 0
[2021-02-14 23:51:57] EDIT model_five/views/acs_projeto/acessar.html: 0
[2021-02-14 23:52:05] EDIT model_five/views/acs_projeto/acessar.html: 0
[2021-02-14 23:52:52] EDIT model_five/views/acs_projeto/acessar.html: 0
[2021-02-14 23:53:12] EDIT model_five/views/acs_projeto/acessar.html: 0
[2021-02-14 23:56:19] EDIT model_five/views/acs_projeto/acessar.html: 0
[2021-02-14 23:56:36] EDIT model_five/views/acs_projeto/acessar.html: 8
[2021-02-14 23:56:57] EDIT model_five/views/acs_projeto/acessar.html: 0
[2021-02-14 23:57:50] EDIT model_five/views/acs_projeto/acessar.html: 0
[2021-02-14 23:58:08] EDIT model_five/views/acs_projeto/acessar.html: 0
[2021-02-15 00:00:30] EDIT model_five/views/acs_projeto/acessar.html: 0
[2021-02-15 00:00:46] EDIT model_five/views/acs_projeto/acessar.html: 0
[2021-02-15 00:01:09] EDIT model_five/views/acs_projeto/acessar.html: 0
[2021-02-15 00:01:57] EDIT model_five/views/layout.html: 0
[2021-02-15 00:03:13] EDIT model_five/views/layout.html: 0
[2021-02-15 00:03:49] EDIT model_five/views/acs_projeto/acessar.html: 0
[2021-02-15 00:04:13] EDIT model_five/views/acs_projeto/acessar.html: 0
[2021-02-15 00:04:53] EDIT model_five/views/acs_projeto/acessar.html: 0
[2021-02-15 00:05:12] EDIT model_five/views/acs_projeto/acessar.html: 0
[2021-02-15 00:06:23] EDIT model_five/views/layout.html: 0
[2021-02-15 00:10:42] EDIT model_five/views/layout.html: 1
[2021-02-15 00:12:25] EDIT model_five/views/layout.html: 0
[2021-02-15 00:12:34] EDIT model_five/views/layout.html: 0
[2021-02-15 00:13:06] EDIT model_five/views/layout.html: 0
[2021-02-15 00:14:50] EDIT model_five/views/acs_projeto/index.html: 0
[2021-02-15 00:15:03] EDIT model_five/views/acs_projeto/index.html: 0
[2021-02-15 00:15:15] EDIT model_five/views/acs_projeto/index.html: 0
[2021-02-15 00:15:21] EDIT model_five/views/acs_projeto/index.html: 0
[2021-02-15 00:15:48] EDIT model_five/views/acs_projeto/index.html: 0
[2021-02-15 00:16:18] EDIT model_five/views/acs_projeto/index.html: 0
[2021-02-15 00:16:33] EDIT model_five/views/acs_projeto/index.html: 0
[2021-02-15 00:17:20] EDIT model_five/views/acs_projeto/index.html: 0
[2021-02-15 00:20:22] EDIT model_five/views/acs_projeto/acessar.html: 0
[2021-02-15 00:20:42] EDIT model_five/views/acs_projeto/acessar.html: 0
[2021-02-15 00:21:05] EDIT model_five/views/acs_projeto/acessar.html: 0
[2021-02-15 00:21:19] EDIT model_five/views/acs_projeto/acessar.html: 0
[2021-02-15 00:21:29] EDIT model_five/views/acs_projeto/acessar.html: 0
[2021-02-15 00:21:46] EDIT model_five/views/acs_projeto/acessar.html: 0
[2021-02-15 00:21:59] EDIT model_five/views/acs_projeto/acessar.html: 0
[2021-02-15 00:22:03] EDIT model_five/views/acs_projeto/acessar.html: 0
[2021-02-15 00:23:06] EDIT model_five/views/acs_projeto/acessar.html: 0
[2021-02-15 00:24:35] EDIT model_five/views/acs_projeto/acessar.html: 0
[2021-02-15 00:25:54] EDIT model_five/views/acs_projeto/acessar.html: 0
[2021-02-15 00:26:07] EDIT model_five/views/acs_projeto/acessar.html: 0
[2021-02-15 00:27:51] EDIT model_five/views/acs_projeto/acessar.html: 1
[2021-02-15 00:28:04] EDIT model_five/views/acs_projeto/acessar.html: 0
[2021-02-15 00:28:55] EDIT model_five/controllers/acs_projeto.py: 1
[2021-02-15 00:29:08] EDIT model_five/controllers/acs_projeto.py: 0
[2021-02-15 00:29:23] EDIT model_five/views/acs_projeto/acessar.html: 0
[2021-02-15 00:29:39] EDIT model_five/views/acs_projeto/acessar.html: 0
[2021-02-15 00:32:30] EDIT model_five/views/acs_projeto/acessar.html: 0
[2021-02-15 00:34:29] EDIT model_five/views/acs_projeto/acessar.html: 0
[2021-02-15 00:34:48] CREATE acs_administrador.py: 0
[2021-02-15 00:34:59] CREATE acs_administrador/index.html: 0
[2021-02-15 00:35:33] EDIT model_five/views/acs_administrador/index.html: 120
[2021-02-15 00:36:01] EDIT model_five/controllers/acs_administrador.py: 31
[2021-02-15 00:36:23] EDIT model_five/controllers/acs_administrador.py: 0
[2021-02-15 00:37:35] EDIT model_five/controllers/acs_administrador.py: 1
[2021-02-15 00:38:00] EDIT model_five/views/acs_administrador/index.html: 0
[2021-02-15 00:38:17] EDIT model_five/views/acs_projeto/acessar.html: 0
[2021-02-15 00:38:34] EDIT model_five/views/acs_projeto/acessar.html: 0
[2021-02-15 00:39:22] EDIT model_five/controllers/acs_administrador.py: 0
[2021-02-15 00:39:25] EDIT model_five/controllers/acs_administrador.py: 0
[2021-02-15 00:39:47] EDIT model_five/controllers/acs_administrador.py: 0
[2021-02-15 00:40:22] EDIT model_five/views/acs_administrador/index.html: 0
[2021-02-15 00:40:39] EDIT model_five/views/acs_administrador/index.html: 0
[2021-02-15 00:41:04] EDIT model_five/views/acs_administrador/index.html: 0
[2021-02-15 00:41:18] EDIT model_five/views/acs_administrador/index.html: 0
[2021-02-15 00:41:29] EDIT model_five/views/acs_administrador/index.html: 0
[2021-02-15 00:42:24] EDIT model_five/views/acs_administrador/index.html: 0
[2021-02-15 00:43:53] EDIT model_five/views/acs_administrador/index.html: -1
[2021-02-15 00:44:09] EDIT model_five/views/acs_administrador/index.html: 0
[2021-02-15 00:44:25] EDIT model_five/views/acs_administrador/index.html: 0
[2021-02-15 00:44:53] EDIT model_five/views/acs_administrador/index.html: 4
[2021-02-15 00:45:18] EDIT model_five/views/acs_administrador/index.html: 0
[2021-02-15 00:45:33] EDIT model_five/views/acs_administrador/index.html: 0
[2021-02-15 00:46:55] EDIT model_five/views/acs_administrador/index.html: 0
[2021-02-15 00:47:40] EDIT model_five/controllers/acs_administrador.py: 0
[2021-02-15 00:48:07] EDIT model_five/views/acs_administrador/index.html: 0
[2021-02-15 00:49:37] EDIT model_five/views/acs_administrador/index.html: 0
[2021-02-15 00:49:47] EDIT model_five/views/acs_administrador/index.html: -1
[2021-02-15 00:50:16] EDIT model_five/views/acs_administrador/index.html: 0
[2021-02-15 00:50:19] EDIT model_five/views/acs_administrador/index.html: 0
[2021-02-15 00:50:59] EDIT model_five/controllers/acs_administrador.py: 3
[2021-02-15 00:52:43] EDIT model_five/controllers/acs_administrador.py: 5
[2021-02-15 00:53:08] EDIT model_five/controllers/acs_administrador.py: 0
[2021-02-15 00:54:07] EDIT model_five/controllers/acs_administrador.py: 0
[2021-02-15 00:54:53] EDIT model_five/views/acs_administrador/index.html: 0
[2021-02-15 00:55:31] EDIT model_five/controllers/acs_administrador.py: 0
[2021-02-15 00:55:59] EDIT model_five/controllers/acs_administrador.py: -1
[2021-02-15 00:56:03] EDIT model_five/controllers/acs_administrador.py: 0
[2021-02-15 00:56:33] EDIT model_five/views/acs_administrador/index.html: 0
[2021-02-15 00:56:57] EDIT model_five/controllers/acs_administrador.py: 1
[2021-02-15 00:57:38] EDIT model_five/views/acs_administrador/index.html: 0
[2021-02-15 00:57:53] EDIT model_five/views/acs_administrador/index.html: 0
[2021-02-15 00:58:10] EDIT model_five/views/acs_administrador/index.html: 0
[2021-02-15 00:59:59] CREATE acs_chefe.py: 0
[2021-02-15 01:00:10] EDIT model_five/controllers/acs_chefe.py: 40
[2021-02-15 01:00:34] EDIT model_five/controllers/acs_chefe.py: 0
[2021-02-15 01:04:07] EDIT model_five/views/acs_projeto/acessar.html: 0
[2021-02-15 01:04:31] CREATE acs_chefe/index.html: 0
[2021-02-15 01:04:52] EDIT model_five/views/acs_chefe/index.html: 122
[2021-02-15 01:05:35] EDIT model_five/views/acs_chefe/index.html: 0
[2021-02-15 01:06:42] EDIT model_five/views/acs_projeto/acessar.html: 1
[2021-02-15 01:06:59] EDIT model_five/views/acs_projeto/acessar.html: 0
[2021-02-15 01:07:07] EDIT model_five/views/acs_projeto/acessar.html: 0
[2021-02-15 01:07:13] EDIT model_five/views/acs_projeto/acessar.html: 0
[2021-02-15 01:07:23] EDIT model_five/views/acs_projeto/acessar.html: 0
[2021-02-15 01:07:35] EDIT model_five/views/acs_projeto/acessar.html: 0
[2021-02-15 01:07:44] EDIT model_five/views/acs_projeto/acessar.html: 0
[2021-02-15 01:07:55] EDIT model_five/views/acs_projeto/acessar.html: 0
[2021-02-15 01:08:10] EDIT model_five/views/acs_projeto/acessar.html: 0
[2021-02-15 01:08:17] EDIT model_five/views/acs_projeto/acessar.html: 0
[2021-02-15 01:08:37] EDIT model_five/views/acs_projeto/acessar.html: 1
[2021-02-15 01:08:56] EDIT model_five/views/acs_projeto/acessar.html: -1
[2021-02-15 01:11:52] EDIT model_five/views/acs_empresa/index.html: 50
[2021-02-15 01:12:29] EDIT model_five/views/acs_empresa/index.html: 0
[2021-02-15 01:12:48] EDIT model_five/views/acs_empresa/index.html: 0
[2021-02-15 01:13:06] EDIT model_five/views/acs_empresa/index.html: 0
[2021-02-15 01:13:29] EDIT model_five/views/acs_empresa/index.html: 0
[2021-02-15 01:14:04] EDIT model_five/models/db.py: 1
[2021-02-15 01:14:35] EDIT model_five/views/acs_pessoa/index.html: 2
[2021-02-15 01:15:06] EDIT model_five/views/acs_pessoa/index.html: -1
[2021-02-15 01:15:27] EDIT model_five/models/db.py: 1
[2021-02-15 01:15:33] EDIT model_five/views/acs_pessoa/index.html: 0
[2021-02-15 01:17:13] EDIT model_five/views/acs_empresa/index.html: 0
[2021-02-15 01:18:14] EDIT model_five/views/acs_empresa/index.html: 0
[2021-02-15 01:36:58] CREATE acs_produto.py: 0
[2021-02-15 01:38:11] EDIT model_five/controllers/acs_produto.py: 66
[2021-02-15 01:38:28] EDIT model_five/controllers/acs_produto.py: 0
[2021-02-15 01:40:41] EDIT model_five/models/db.py: 8
[2021-02-15 01:40:54] CREATE acs_produto/index.html: 0
[2021-02-15 01:41:39] EDIT model_five/views/acs_produto/index.html: 121
[2021-02-15 01:41:52] EDIT model_five/views/acs_produto/index.html: 0
[2021-02-15 01:42:03] EDIT model_five/views/acs_produto/index.html: 0
[2021-02-15 01:42:42] EDIT model_five/models/db.py: 0
[2021-02-15 01:43:43] EDIT model_five/views/acs_produto/index.html: -2
[2021-02-15 01:43:47] EDIT model_five/views/acs_produto/index.html: -2
[2021-02-15 01:45:16] EDIT model_five/views/acs_produto/index.html: 4
[2021-02-15 01:46:02] EDIT model_five/views/acs_produto/index.html: 0
[2021-02-15 01:46:17] EDIT model_five/views/acs_produto/index.html: 0
[2021-02-15 01:46:35] EDIT model_five/views/acs_produto/index.html: 0
[2021-02-15 01:48:20] EDIT model_five/views/acs_produto/index.html: 5
[2021-02-15 01:48:58] EDIT model_five/views/acs_produto/index.html: 1
[2021-02-15 01:50:15] EDIT model_five/views/acs_produto/index.html: 0
[2021-02-15 01:51:22] EDIT model_five/views/acs_produto/index.html: 0
[2021-02-15 01:51:42] EDIT model_five/views/acs_produto/index.html: 0
[2021-02-15 01:53:00] EDIT model_five/views/acs_produto/index.html: 0
[2021-02-15 01:53:09] EDIT model_five/views/acs_produto/index.html: 0
[2021-02-15 01:53:23] EDIT model_five/views/acs_produto/index.html: 0
[2021-02-15 01:57:00] EDIT model_five/views/acs_projeto/acessar.html: 0
[2021-02-15 01:57:17] EDIT model_five/views/acs_projeto/acessar.html: 2
[2021-02-15 01:57:28] CREATE acs_carrada.py: 0
[2021-02-15 01:57:43] CREATE acs_carrada/index.html: 0
[2021-02-15 01:58:09] EDIT model_five/views/acs_projeto/acessar.html: 0
[2021-02-15 01:59:33] EDIT model_five/controllers/acs_carrada.py: 31
[2021-02-15 02:01:04] EDIT model_five/views/acs_carrada/index.html: 121
[2021-02-15 02:01:31] EDIT model_five/views/acs_carrada/index.html: 4
[2021-02-15 02:02:17] EDIT model_five/views/acs_carrada/index.html: 0
[2021-02-15 02:02:19] EDIT model_five/views/acs_carrada/index.html: 0
[2021-02-15 02:04:18] EDIT model_five/models/db1.py: 10
[2021-02-15 02:08:26] EDIT model_five/models/db1.py: 0
[2021-02-15 02:10:26] EDIT model_five/controllers/acs_carrada.py: 23
[2021-02-15 02:10:28] EDIT model_five/controllers/acs_carrada.py: 0
[2021-02-15 02:11:02] EDIT model_five/views/acs_carrada/index.html: -7
[2021-02-15 02:11:10] EDIT model_five/views/acs_carrada/index.html: 0
[2021-02-15 02:12:29] EDIT model_five/models/db1.py: 1
[2021-02-15 02:12:57] EDIT model_five/views/acs_carrada/index.html: 0
[2021-02-15 02:16:32] EDIT model_five/views/acs_carrada/index.html: 0
[2021-02-15 02:17:00] EDIT model_five/views/acs_carrada/index.html: 2
[2021-02-15 02:17:08] EDIT model_five/views/acs_carrada/index.html: -2
[2021-02-15 02:18:04] EDIT model_five/views/acs_carrada/index.html: 0
[2021-02-15 02:18:22] EDIT model_five/views/acs_carrada/index.html: 0
[2021-02-15 02:19:52] EDIT model_five/controllers/acs_carrada.py: 18
[2021-02-15 02:20:02] EDIT model_five/controllers/acs_carrada.py: 0
[2021-02-15 02:20:43] EDIT model_five/models/db1.py: 0
[2021-02-15 02:22:26] EDIT model_five/views/acs_carrada/index.html: 0
[2021-02-15 02:28:29] UPLOAD /home/rogoberto/web2py/applications/model_five/static/images/ico.ico: 57
[2021-02-15 02:28:56] UPLOAD /home/rogoberto/web2py/applications/model_five/static/images/ico.png: 23
[2021-02-15 02:29:13] EDIT model_five/views/layout.html: 0
[2021-02-15 02:33:10] EDIT model_five/models/db.py: 0
[2021-02-15 02:33:53] EDIT model_five/models/db.py: 0
[2021-02-15 02:34:03] EDIT model_five/models/db.py: 0
[2021-02-15 02:35:34] EDIT model_five/views/acs_carrada/index.html: 0
[2021-02-15 02:35:43] EDIT model_five/views/acs_carrada/index.html: 0
[2021-02-15 02:39:09] EDIT model_five/controllers/acs_carrada.py: 32
[2021-02-15 02:39:35] EDIT model_five/controllers/acs_carrada.py: 0
[2021-02-15 02:39:44] EDIT model_five/controllers/acs_carrada.py: 0
[2021-02-15 02:41:32] EDIT model_five/models/db1.py: 13
[2021-02-15 02:42:05] EDIT model_five/controllers/acs_carrada.py: 0
[2021-02-15 02:42:47] EDIT model_five/controllers/acs_carrada.py: 0
[2021-02-15 02:42:59] CREATE acs_carrada/acessar.html: 0
[2021-02-15 02:43:26] EDIT model_five/views/acs_carrada/acessar.html: 118
[2021-02-15 02:46:42] EDIT model_five/views/acs_carrada/acessar.html: -9
[2021-02-15 02:47:26] EDIT model_five/views/acs_carrada/acessar.html: 0
[2021-02-15 02:57:55] EDIT model_five/views/acs_carrada/acessar.html: 0
[2021-02-15 02:59:19] EDIT model_five/controllers/acs_carrada.py: 32
[2021-02-15 02:59:33] CREATE acs_carrada/inserir.html: 0
[2021-02-15 03:00:20] EDIT model_five/controllers/acs_carrada.py: 0
[2021-02-15 03:00:36] EDIT model_five/controllers/acs_carrada.py: 0
[2021-02-15 03:00:54] EDIT model_five/views/acs_carrada/inserir.html: 109
[2021-02-15 03:02:42] EDIT model_five/views/acs_carrada/inserir.html: -5
[2021-02-15 03:03:13] EDIT model_five/views/acs_carrada/inserir.html: 0
[2021-02-15 03:03:44] EDIT model_five/views/acs_carrada/inserir.html: -1
[2021-02-15 03:03:55] EDIT model_five/views/acs_carrada/inserir.html: 0
[2021-02-15 03:05:29] EDIT model_five/views/acs_carrada/inserir.html: 5
[2021-02-15 03:06:58] EDIT model_five/controllers/acs_carrada.py: 0
[2021-02-15 03:07:20] EDIT model_five/controllers/acs_carrada.py: 0
[2021-02-15 03:08:01] EDIT model_five/views/acs_carrada/inserir.html: 8
[2021-02-15 03:56:34] EDIT model_five/controllers/acs_carrada.py: 28
[2021-02-15 03:57:25] EDIT model_five/controllers/acs_carrada.py: 4
[2021-02-15 03:57:54] EDIT model_five/controllers/acs_carrada.py: 0
[2021-02-15 03:58:04] EDIT model_five/models/db1.py: 0
[2021-02-15 03:58:16] EDIT model_five/models/db1.py: 0
[2021-02-15 03:58:30] EDIT model_five/models/db1.py: 0
[2021-02-15 03:58:39] EDIT model_five/models/db1.py: 0
[2021-02-15 03:58:59] EDIT model_five/models/db1.py: 1
[2021-02-15 03:59:54] EDIT model_five/models/db.py: 0
[2021-02-15 04:00:09] EDIT model_five/models/db.py: 0
[2021-02-15 04:00:33] EDIT model_five/controllers/acs_carrada.py: 1
[2021-02-15 04:00:40] EDIT model_five/controllers/acs_carrada.py: 0
[2021-02-15 04:01:01] EDIT model_five/controllers/acs_carrada.py: 1
[2021-02-15 04:01:10] EDIT model_five/controllers/acs_carrada.py: 0
[2021-02-15 04:02:05] EDIT model_five/controllers/acs_carrada.py: 0
[2021-02-15 04:02:32] EDIT model_five/controllers/acs_carrada.py: 0
[2021-02-15 04:03:17] EDIT model_five/views/acs_carrada/acessar.html: 0
[2021-02-15 04:03:43] EDIT model_five/views/acs_carrada/acessar.html: 0
[2021-02-15 04:03:47] EDIT model_five/views/acs_carrada/acessar.html: 0
[2021-02-15 04:04:29] EDIT model_five/views/acs_carrada/acessar.html: 2
[2021-02-15 04:06:02] EDIT model_five/views/acs_carrada/acessar.html: 5
[2021-02-15 04:06:25] EDIT model_five/views/acs_carrada/acessar.html: 0
[2021-02-15 04:06:51] EDIT model_five/views/acs_carrada/acessar.html: 0
[2021-02-15 04:08:41] EDIT model_five/views/acs_carrada/acessar.html: 4
[2021-02-15 04:17:47] EDIT model_five/views/acs_projeto/acessar.html: 4
[2021-02-15 04:18:00] EDIT model_five/views/acs_projeto/acessar.html: 0
[2021-02-15 04:23:40] EDIT model_five/views/acs_carrada/acessar.html: 2
[2021-02-15 04:27:34] EDIT model_five/views/acs_carrada/acessar.html: 1
[2021-02-15 04:29:08] EDIT model_five/views/acs_carrada/acessar.html: 6
[2021-02-15 04:30:18] EDIT model_five/views/acs_carrada/acessar.html: 14
[2021-02-15 04:31:21] EDIT model_five/views/acs_carrada/acessar.html: 0
[2021-02-15 04:46:26] EDIT model_five/views/acs_carrada/acessar.html: 6
[2021-02-15 04:47:23] EDIT model_five/views/acs_carrada/acessar.html: 0
[2021-02-15 04:47:43] EDIT model_five/views/acs_carrada/acessar.html: 0
[2021-02-15 04:49:40] EDIT model_five/views/acs_carrada/acessar.html: -37
[2021-02-15 04:50:15] EDIT model_five/controllers/acs_carrada.py: 0
[2021-02-15 04:50:58] EDIT model_five/views/acs_carrada/acessar.html: 2
[2021-02-15 04:51:01] EDIT model_five/views/acs_carrada/acessar.html: 0
[2021-02-15 04:51:05] EDIT model_five/views/acs_carrada/acessar.html: 0
[2021-02-15 04:54:22] EDIT model_five/controllers/acs_carrada.py: 0
[2021-02-15 04:55:46] EDIT model_five/views/acs_projeto/acessar.html: 0
[2021-02-15 04:57:53] EDIT model_five/views/acs_projeto/acessar.html: 0
[2021-02-15 04:58:42] EDIT model_five/controllers/acs_administrador.py: 0
[2021-02-15 04:58:50] EDIT model_five/controllers/acs_chefe.py: 0
[2021-02-15 05:01:45] EDIT model_five/views/acs_projeto/index.html: 0
[2021-02-15 05:07:57] EDIT model_five/views/acs_carrada/index.html: 14
[2021-02-15 05:08:14] EDIT model_five/views/acs_carrada/index.html: 3
[2021-02-15 05:08:57] EDIT model_five/views/acs_carrada/index.html: 3
[2021-02-15 05:15:12] EDIT model_five/controllers/acs_carrada.py: 0
[2021-02-15 05:15:30] EDIT model_five/views/acs_carrada/index.html: 2
[2021-02-15 05:15:48] EDIT model_five/views/acs_carrada/index.html: 0
[2021-02-15 05:15:51] EDIT model_five/views/acs_carrada/index.html: 0
[2021-02-15 05:16:04] EDIT model_five/controllers/acs_carrada.py: 0
[2021-02-15 05:16:37] EDIT model_five/views/acs_carrada/index.html: 2
[2021-02-15 05:23:31] EDIT model_five/views/acs_empresa/index.html: 0
[2021-02-15 05:34:31] EDIT model_five/views/acs_carrada/index.html: 5
[2021-02-15 05:35:53] EDIT model_five/views/acs_projeto/acessar.html: 0
[2021-02-15 05:36:14] CREATE acs_relatorio.py: 0
[2021-02-15 05:36:46] EDIT model_five/controllers/acs_relatorio.py: 2
[2021-02-15 05:36:54] EDIT model_five/controllers/acs_relatorio.py: 0
[2021-02-15 05:37:04] CREATE acs_relatorio/investimento.html: 0
[2021-02-15 05:39:29] EDIT model_five/views/acs_relatorio/investimento.html: 279
[2021-02-15 05:40:03] EDIT model_five/views/acs_relatorio/investimento.html: 0
[2021-02-15 05:41:03] EDIT model_five/views/acs_relatorio/investimento.html: 0
[2021-02-15 05:41:28] EDIT model_five/views/acs_relatorio/investimento.html: 0
[2021-02-15 05:42:57] EDIT model_five/views/acs_relatorio/investimento.html: 0
[2021-02-15 05:43:48] EDIT model_five/views/acs_relatorio/investimento.html: 0
[2021-02-15 05:44:19] EDIT model_five/views/acs_relatorio/investimento.html: 0
[2021-02-15 05:44:52] EDIT model_five/views/acs_relatorio/investimento.html: 0
[2021-02-15 05:45:22] EDIT model_five/views/acs_relatorio/investimento.html: 0
[2021-02-15 05:47:56] EDIT model_five/views/acs_relatorio/investimento.html: 0
[2021-02-15 05:48:22] EDIT model_five/views/acs_relatorio/investimento.html: 0
[2021-02-15 05:57:15] EDIT model_five/views/acs_relatorio/investimento.html: 0
[2021-02-15 05:59:25] EDIT model_five/views/acs_relatorio/investimento.html: 0
[2021-02-15 06:00:19] EDIT model_five/views/acs_relatorio/investimento.html: 15
[2021-02-15 06:00:39] EDIT model_five/views/acs_relatorio/investimento.html: -4
[2021-02-15 06:01:17] EDIT model_five/views/acs_relatorio/investimento.html: -2
[2021-02-15 06:01:49] EDIT model_five/views/acs_relatorio/investimento.html: 0
[2021-02-15 06:02:04] EDIT model_five/views/acs_relatorio/investimento.html: 0
[2021-02-15 06:02:54] EDIT model_five/views/acs_relatorio/investimento.html: 0
[2021-02-15 06:03:03] EDIT model_five/views/acs_relatorio/investimento.html: 0
[2021-02-15 06:03:18] EDIT model_five/views/acs_relatorio/investimento.html: 0
[2021-02-15 06:03:40] EDIT model_five/views/acs_relatorio/investimento.html: 0
[2021-02-15 06:03:48] EDIT model_five/views/acs_relatorio/investimento.html: 0
[2021-02-15 06:06:56] EDIT model_five/views/layout.html: 10
[2021-02-22 01:52:00] EDIT model_five/views/acs_carrada/index.html: 0
[2021-02-22 01:52:33] EDIT model_five/views/acs_carrada/index.html: 0
[2021-02-22 01:52:59] EDIT model_five/views/acs_carrada/index.html: 0
[2021-02-22 01:53:23] EDIT model_five/views/acs_carrada/index.html: 0
[2021-02-22 01:54:54] EDIT model_five/views/acs_carrada/acessar.html: 0
[2021-02-22 01:55:16] EDIT model_five/views/acs_carrada/acessar.html: 0
[2021-02-22 01:57:16] EDIT model_five/views/acs_carrada/acessar.html: 0
[2021-02-22 01:57:55] EDIT model_five/views/acs_carrada/inserir.html: 0
[2021-02-22 02:00:53] EDIT model_five/views/acs_projeto/index.html: 0
[2021-02-23 17:41:01] EDIT model_five/controllers/acs_produto.py: 0
[2021-02-23 17:43:09] CREATE acs_equipe.py: 0
[2021-02-23 17:43:16] EDIT model_five/controllers/acs_equipe.py: 0
[2021-02-23 17:43:56] EDIT model_five/views/acs_projeto/acessar.html: 0
[2021-02-23 17:44:19] EDIT model_five/views/acs_projeto/acessar.html: 0
[2021-02-23 17:44:36] CREATE acs_equipe/index.html: 0
[2021-02-23 17:44:41] EDIT model_five/views/acs_equipe/index.html: -1
[2021-02-23 18:00:34] EDIT model_five/views/acs_equipe/index.html: 72
[2021-02-23 18:01:50] EDIT model_five/views/acs_equipe/index.html: 3
[2021-02-23 18:02:25] EDIT model_five/controllers/acs_equipe.py: 2
[2021-02-23 18:02:43] EDIT model_five/views/acs_equipe/index.html: 0
[2021-02-23 18:02:59] EDIT model_five/controllers/acs_equipe.py: 0
[2021-02-23 18:03:38] EDIT model_five/views/acs_equipe/index.html: 0
[2021-02-23 18:05:16] EDIT model_five/controllers/acs_equipe.py: 1
[2021-02-23 18:05:26] EDIT model_five/controllers/acs_equipe.py: 0
[2021-02-23 18:05:39] EDIT model_five/controllers/acs_equipe.py: 0
[2021-02-23 18:10:02] EDIT model_five/models/db1.py: 16
[2021-02-23 18:10:55] EDIT model_five/views/acs_equipe/index.html: 1
[2021-02-23 18:12:22] EDIT model_five/views/acs_equipe/index.html: 0
[2021-02-23 18:12:38] EDIT model_five/models/db1.py: 1
[2021-02-23 18:12:49] EDIT model_five/views/acs_equipe/index.html: 0
[2021-02-23 18:21:13] EDIT model_five/views/acs_equipe/index.html: 2
[2021-02-23 18:22:47] EDIT model_five/controllers/acs_equipe.py: 22
[2021-02-23 18:23:23] EDIT model_five/controllers/acs_equipe.py: 0
[2021-02-23 18:23:40] EDIT model_five/controllers/acs_equipe.py: 0
[2021-02-23 18:24:36] EDIT model_five/controllers/acs_equipe.py: 0
[2021-02-23 18:24:52] EDIT model_five/controllers/acs_equipe.py: 0
[2021-02-23 18:27:34] EDIT model_five/models/db1.py: 0
[2021-02-23 18:27:46] EDIT model_five/models/db1.py: -1
[2021-02-23 18:29:20] EDIT model_five/models/db1.py: 0
[2021-02-23 18:33:43] EDIT model_five/models/db.py: 0
[2021-02-23 18:41:51] EDIT model_five/models/db.py: 0
[2021-02-23 18:43:23] EDIT model_five/models/db.py: 0
[2021-02-23 18:44:03] EDIT model_five/models/db.py: 0
[2021-02-23 18:44:42] EDIT model_five/controllers/acs_equipe.py: 2
[2021-02-23 18:45:46] EDIT model_five/views/acs_equipe/index.html: 2
[2021-02-23 18:46:38] EDIT model_five/views/acs_equipe/index.html: 0
[2021-02-23 18:56:38] EDIT model_five/views/acs_equipe/index.html: 5
[2021-02-23 19:12:28] EDIT model_five/views/acs_equipe/index.html: 1
[2021-02-23 19:26:21] EDIT model_five/views/acs_equipe/index.html: 0
[2021-02-23 19:26:32] EDIT model_five/views/acs_equipe/index.html: 0
[2021-02-23 19:27:39] EDIT model_five/views/acs_equipe/index.html: 1
[2021-02-23 19:28:29] EDIT model_five/views/acs_equipe/index.html: 0
[2021-02-23 19:43:19] EDIT model_five/controllers/acs_equipe.py: 1
[2021-02-23 19:43:34] EDIT model_five/views/acs_equipe/index.html: 0
[2021-02-23 19:43:42] EDIT model_five/views/acs_equipe/index.html: 0
[2021-02-23 19:44:13] EDIT model_five/views/acs_equipe/index.html: 0
[2021-02-23 19:47:14] EDIT model_five/views/acs_equipe/index.html: 6
